<?xml version="1.0" encoding="UTF-8"?>
<!-- Generated by org.testng.reporters.JUnitReportReporter -->
<testsuite skipped="0" hostname="sys" name="gittest.GitTest2" tests="1" failures="0" timestamp="04 Mar 2018 11:32:08 GMT" time="17.975" errors="0">
  <testcase name="loginTest" time="17.975" classname="gittest.GitTest2"/>
</testsuite> <!-- gittest.GitTest2 -->
