<?xml version="1.0" encoding="UTF-8"?>
<!-- Generated by org.testng.reporters.JUnitReportReporter -->
<testsuite name="gittest.GitTest" tests="1" time="34.194" ignored="0" failures="0" timestamp="04 Mar 2018 11:50:43 GMT" skipped="0" hostname="sys" errors="0">
  <testcase name="loginTest" time="34.194" classname="gittest.GitTest"/>
</testsuite> <!-- gittest.GitTest -->
